INFO     2020-11-25 20:56:47,019 vocab built
INFO     2020-11-25 20:56:47,020 vocab saved
INFO     2020-11-25 20:56:47,029 embeddings created
INFO     2020-11-25 20:56:47,035 embeddings saved

INFO     2020-11-25 20:57:53,581 word2ix loaded
INFO     2020-11-25 20:57:53,590 embeddings loaded
WARNING  2020-11-26 23:47:00,061 From C:\Users\gad\Desktop\repos\videoToSeq\src\model.py:38: set_learning_phase (from tensorflow.python.keras.backend) is deprecated and will be removed after 2020-10-11.
Instructions for updating:
Simply pass a True/False value to the `training` argument of the `__call__` method of your layer or model.
WARNING  2020-11-26 23:48:07,017 From C:\Users\gad\Desktop\repos\videoToSeq\src\model.py:38: set_learning_phase (from tensorflow.python.keras.backend) is deprecated and will be removed after 2020-10-11.
Instructions for updating:
Simply pass a True/False value to the `training` argument of the `__call__` method of your layer or model.
WARNING  2020-11-26 23:50:52,366 From C:\Users\gad\Desktop\repos\videoToSeq\src\vmodel.py:38: set_learning_phase (from tensorflow.python.keras.backend) is deprecated and will be removed after 2020-10-11.
Instructions for updating:
Simply pass a True/False value to the `training` argument of the `__call__` method of your layer or model.
INFO     2020-11-26 23:51:02,296  mcnn model created!
WARNING  2020-11-26 23:51:29,266 From C:\Users\gad\Desktop\repos\videoToSeq\src\vmodel.py:38: set_learning_phase (from tensorflow.python.keras.backend) is deprecated and will be removed after 2020-10-11.
Instructions for updating:
Simply pass a True/False value to the `training` argument of the `__call__` method of your layer or model.
INFO     2020-11-26 23:51:37,962  mcnn model created!
WARNING  2020-11-26 23:54:21,739 From C:\Users\gad\Desktop\repos\videoToSeq\src\vmodel.py:38: set_learning_phase (from tensorflow.python.keras.backend) is deprecated and will be removed after 2020-10-11.
Instructions for updating:
Simply pass a True/False value to the `training` argument of the `__call__` method of your layer or model.
INFO     2020-11-26 23:54:29,723  mcnn model created!
WARNING  2020-11-26 23:55:23,587 From C:\Users\gad\Desktop\repos\videoToSeq\src\vmodel.py:38: set_learning_phase (from tensorflow.python.keras.backend) is deprecated and will be removed after 2020-10-11.
Instructions for updating:
Simply pass a True/False value to the `training` argument of the `__call__` method of your layer or model.
INFO     2020-11-26 23:55:31,216  mcnn model created!
WARNING  2020-11-26 23:57:07,966 From C:\Users\gad\Desktop\repos\videoToSeq\src\vmodel.py:38: set_learning_phase (from tensorflow.python.keras.backend) is deprecated and will be removed after 2020-10-11.
Instructions for updating:
Simply pass a True/False value to the `training` argument of the `__call__` method of your layer or model.
INFO     2020-11-26 23:57:19,424  mcnn model created!
WARNING  2020-11-26 23:57:51,963 From C:\Users\gad\Desktop\repos\videoToSeq\src\vmodel.py:38: set_learning_phase (from tensorflow.python.keras.backend) is deprecated and will be removed after 2020-10-11.
Instructions for updating:
Simply pass a True/False value to the `training` argument of the `__call__` method of your layer or model.
INFO     2020-11-26 23:58:00,241  mcnn model created!
INFO     2020-11-26 23:58:02,535 cutoff model built!
INFO     2020-11-27 00:04:20,559 word2ix loaded
INFO     2020-11-27 00:04:20,657 embeddings loaded
INFO     2020-11-27 00:04:40,033 word2ix loaded
INFO     2020-11-27 00:04:40,035 embeddings loaded
INFO     2020-11-27 00:04:48,065 word2ix loaded
INFO     2020-11-27 00:04:48,068 embeddings loaded
INFO     2020-11-28 19:04:17,417 init started
INFO     2020-11-28 19:04:54,076 init started
INFO     2020-11-28 19:04:54,396 init finished successfully
INFO     2020-11-28 19:11:20,391 init started
INFO     2020-11-28 19:11:20,845 init finished successfully
INFO     2020-11-28 19:17:09,156 init started
INFO     2020-11-28 19:17:09,353 init finished successfully
INFO     2020-11-28 19:18:38,929 init started
INFO     2020-11-28 19:21:18,215 init started
INFO     2020-11-28 19:21:18,377 init finished successfully
INFO     2020-11-28 19:23:00,195 init started
INFO     2020-11-28 19:23:00,529 init finished successfully
INFO     2020-11-28 19:25:39,369 init started
INFO     2020-11-28 19:25:39,544 init finished successfully
INFO     2020-11-28 19:27:29,928 init started
INFO     2020-11-28 19:27:30,128 init finished successfully
INFO     2020-11-28 19:28:07,830 init started
INFO     2020-11-28 19:28:08,156 init finished successfully
WARNING  2020-11-28 19:28:19,922 C:\Users\gad\Anaconda3\envs\ved2seq\lib\site-packages\moviepy\video\io\ffmpeg_reader.py:130: UserWarning: Warning: in file data/videos/video5.mp4, 648000 bytes wanted but 0 bytes read,at frame 17/61, at time 8.50/30.04 sec. Using the last valid frame instead.
  UserWarning)

WARNING  2020-11-28 19:28:19,924 C:\Users\gad\Anaconda3\envs\ved2seq\lib\site-packages\moviepy\video\io\ffmpeg_reader.py:130: UserWarning: Warning: in file data/videos/video5.mp4, 648000 bytes wanted but 0 bytes read,at frame 18/61, at time 9.00/30.04 sec. Using the last valid frame instead.
  UserWarning)

WARNING  2020-11-28 19:28:19,924 C:\Users\gad\Anaconda3\envs\ved2seq\lib\site-packages\moviepy\video\io\ffmpeg_reader.py:130: UserWarning: Warning: in file data/videos/video5.mp4, 648000 bytes wanted but 0 bytes read,at frame 19/61, at time 9.50/30.04 sec. Using the last valid frame instead.
  UserWarning)

WARNING  2020-11-28 19:28:19,925 C:\Users\gad\Anaconda3\envs\ved2seq\lib\site-packages\moviepy\video\io\ffmpeg_reader.py:130: UserWarning: Warning: in file data/videos/video5.mp4, 648000 bytes wanted but 0 bytes read,at frame 20/61, at time 10.00/30.04 sec. Using the last valid frame instead.
  UserWarning)

WARNING  2020-11-28 19:28:19,925 C:\Users\gad\Anaconda3\envs\ved2seq\lib\site-packages\moviepy\video\io\ffmpeg_reader.py:130: UserWarning: Warning: in file data/videos/video5.mp4, 648000 bytes wanted but 0 bytes read,at frame 21/61, at time 10.50/30.04 sec. Using the last valid frame instead.
  UserWarning)

WARNING  2020-11-28 19:28:19,926 C:\Users\gad\Anaconda3\envs\ved2seq\lib\site-packages\moviepy\video\io\ffmpeg_reader.py:130: UserWarning: Warning: in file data/videos/video5.mp4, 648000 bytes wanted but 0 bytes read,at frame 22/61, at time 11.00/30.04 sec. Using the last valid frame instead.
  UserWarning)

WARNING  2020-11-28 19:28:19,926 C:\Users\gad\Anaconda3\envs\ved2seq\lib\site-packages\moviepy\video\io\ffmpeg_reader.py:130: UserWarning: Warning: in file data/videos/video5.mp4, 648000 bytes wanted but 0 bytes read,at frame 23/61, at time 11.50/30.04 sec. Using the last valid frame instead.
  UserWarning)

WARNING  2020-11-28 19:28:19,927 C:\Users\gad\Anaconda3\envs\ved2seq\lib\site-packages\moviepy\video\io\ffmpeg_reader.py:130: UserWarning: Warning: in file data/videos/video5.mp4, 648000 bytes wanted but 0 bytes read,at frame 24/61, at time 12.00/30.04 sec. Using the last valid frame instead.
  UserWarning)

WARNING  2020-11-28 19:28:19,927 C:\Users\gad\Anaconda3\envs\ved2seq\lib\site-packages\moviepy\video\io\ffmpeg_reader.py:130: UserWarning: Warning: in file data/videos/video5.mp4, 648000 bytes wanted but 0 bytes read,at frame 25/61, at time 12.50/30.04 sec. Using the last valid frame instead.
  UserWarning)

WARNING  2020-11-28 19:28:19,927 C:\Users\gad\Anaconda3\envs\ved2seq\lib\site-packages\moviepy\video\io\ffmpeg_reader.py:130: UserWarning: Warning: in file data/videos/video5.mp4, 648000 bytes wanted but 0 bytes read,at frame 26/61, at time 13.00/30.04 sec. Using the last valid frame instead.
  UserWarning)

WARNING  2020-11-28 19:28:19,928 C:\Users\gad\Anaconda3\envs\ved2seq\lib\site-packages\moviepy\video\io\ffmpeg_reader.py:130: UserWarning: Warning: in file data/videos/video5.mp4, 648000 bytes wanted but 0 bytes read,at frame 27/61, at time 13.50/30.04 sec. Using the last valid frame instead.
  UserWarning)

WARNING  2020-11-28 19:28:19,929 C:\Users\gad\Anaconda3\envs\ved2seq\lib\site-packages\moviepy\video\io\ffmpeg_reader.py:130: UserWarning: Warning: in file data/videos/video5.mp4, 648000 bytes wanted but 0 bytes read,at frame 28/61, at time 14.00/30.04 sec. Using the last valid frame instead.
  UserWarning)

WARNING  2020-11-28 19:28:19,930 C:\Users\gad\Anaconda3\envs\ved2seq\lib\site-packages\moviepy\video\io\ffmpeg_reader.py:130: UserWarning: Warning: in file data/videos/video5.mp4, 648000 bytes wanted but 0 bytes read,at frame 29/61, at time 14.50/30.04 sec. Using the last valid frame instead.
  UserWarning)

WARNING  2020-11-28 19:28:19,932 C:\Users\gad\Anaconda3\envs\ved2seq\lib\site-packages\moviepy\video\io\ffmpeg_reader.py:130: UserWarning: Warning: in file data/videos/video5.mp4, 648000 bytes wanted but 0 bytes read,at frame 30/61, at time 15.00/30.04 sec. Using the last valid frame instead.
  UserWarning)

WARNING  2020-11-28 19:28:19,933 C:\Users\gad\Anaconda3\envs\ved2seq\lib\site-packages\moviepy\video\io\ffmpeg_reader.py:130: UserWarning: Warning: in file data/videos/video5.mp4, 648000 bytes wanted but 0 bytes read,at frame 31/61, at time 15.50/30.04 sec. Using the last valid frame instead.
  UserWarning)

WARNING  2020-11-28 19:28:19,934 C:\Users\gad\Anaconda3\envs\ved2seq\lib\site-packages\moviepy\video\io\ffmpeg_reader.py:130: UserWarning: Warning: in file data/videos/video5.mp4, 648000 bytes wanted but 0 bytes read,at frame 32/61, at time 16.00/30.04 sec. Using the last valid frame instead.
  UserWarning)

WARNING  2020-11-28 19:28:19,936 C:\Users\gad\Anaconda3\envs\ved2seq\lib\site-packages\moviepy\video\io\ffmpeg_reader.py:130: UserWarning: Warning: in file data/videos/video5.mp4, 648000 bytes wanted but 0 bytes read,at frame 33/61, at time 16.50/30.04 sec. Using the last valid frame instead.
  UserWarning)

WARNING  2020-11-28 19:28:19,937 C:\Users\gad\Anaconda3\envs\ved2seq\lib\site-packages\moviepy\video\io\ffmpeg_reader.py:130: UserWarning: Warning: in file data/videos/video5.mp4, 648000 bytes wanted but 0 bytes read,at frame 34/61, at time 17.00/30.04 sec. Using the last valid frame instead.
  UserWarning)

WARNING  2020-11-28 19:28:19,938 C:\Users\gad\Anaconda3\envs\ved2seq\lib\site-packages\moviepy\video\io\ffmpeg_reader.py:130: UserWarning: Warning: in file data/videos/video5.mp4, 648000 bytes wanted but 0 bytes read,at frame 35/61, at time 17.50/30.04 sec. Using the last valid frame instead.
  UserWarning)

WARNING  2020-11-28 19:28:19,940 C:\Users\gad\Anaconda3\envs\ved2seq\lib\site-packages\moviepy\video\io\ffmpeg_reader.py:130: UserWarning: Warning: in file data/videos/video5.mp4, 648000 bytes wanted but 0 bytes read,at frame 36/61, at time 18.00/30.04 sec. Using the last valid frame instead.
  UserWarning)

WARNING  2020-11-28 19:28:19,941 C:\Users\gad\Anaconda3\envs\ved2seq\lib\site-packages\moviepy\video\io\ffmpeg_reader.py:130: UserWarning: Warning: in file data/videos/video5.mp4, 648000 bytes wanted but 0 bytes read,at frame 37/61, at time 18.50/30.04 sec. Using the last valid frame instead.
  UserWarning)

WARNING  2020-11-28 19:28:19,942 C:\Users\gad\Anaconda3\envs\ved2seq\lib\site-packages\moviepy\video\io\ffmpeg_reader.py:130: UserWarning: Warning: in file data/videos/video5.mp4, 648000 bytes wanted but 0 bytes read,at frame 38/61, at time 19.00/30.04 sec. Using the last valid frame instead.
  UserWarning)

WARNING  2020-11-28 19:28:19,944 C:\Users\gad\Anaconda3\envs\ved2seq\lib\site-packages\moviepy\video\io\ffmpeg_reader.py:130: UserWarning: Warning: in file data/videos/video5.mp4, 648000 bytes wanted but 0 bytes read,at frame 39/61, at time 19.50/30.04 sec. Using the last valid frame instead.
  UserWarning)

WARNING  2020-11-28 19:28:19,946 C:\Users\gad\Anaconda3\envs\ved2seq\lib\site-packages\moviepy\video\io\ffmpeg_reader.py:130: UserWarning: Warning: in file data/videos/video5.mp4, 648000 bytes wanted but 0 bytes read,at frame 40/61, at time 20.00/30.04 sec. Using the last valid frame instead.
  UserWarning)

WARNING  2020-11-28 19:28:19,948 C:\Users\gad\Anaconda3\envs\ved2seq\lib\site-packages\moviepy\video\io\ffmpeg_reader.py:130: UserWarning: Warning: in file data/videos/video5.mp4, 648000 bytes wanted but 0 bytes read,at frame 41/61, at time 20.50/30.04 sec. Using the last valid frame instead.
  UserWarning)

WARNING  2020-11-28 19:28:19,951 C:\Users\gad\Anaconda3\envs\ved2seq\lib\site-packages\moviepy\video\io\ffmpeg_reader.py:130: UserWarning: Warning: in file data/videos/video5.mp4, 648000 bytes wanted but 0 bytes read,at frame 42/61, at time 21.00/30.04 sec. Using the last valid frame instead.
  UserWarning)

WARNING  2020-11-28 19:28:19,953 C:\Users\gad\Anaconda3\envs\ved2seq\lib\site-packages\moviepy\video\io\ffmpeg_reader.py:130: UserWarning: Warning: in file data/videos/video5.mp4, 648000 bytes wanted but 0 bytes read,at frame 43/61, at time 21.50/30.04 sec. Using the last valid frame instead.
  UserWarning)

WARNING  2020-11-28 19:28:19,955 C:\Users\gad\Anaconda3\envs\ved2seq\lib\site-packages\moviepy\video\io\ffmpeg_reader.py:130: UserWarning: Warning: in file data/videos/video5.mp4, 648000 bytes wanted but 0 bytes read,at frame 44/61, at time 22.00/30.04 sec. Using the last valid frame instead.
  UserWarning)

WARNING  2020-11-28 19:28:19,957 C:\Users\gad\Anaconda3\envs\ved2seq\lib\site-packages\moviepy\video\io\ffmpeg_reader.py:130: UserWarning: Warning: in file data/videos/video5.mp4, 648000 bytes wanted but 0 bytes read,at frame 45/61, at time 22.50/30.04 sec. Using the last valid frame instead.
  UserWarning)

WARNING  2020-11-28 19:28:19,959 C:\Users\gad\Anaconda3\envs\ved2seq\lib\site-packages\moviepy\video\io\ffmpeg_reader.py:130: UserWarning: Warning: in file data/videos/video5.mp4, 648000 bytes wanted but 0 bytes read,at frame 46/61, at time 23.00/30.04 sec. Using the last valid frame instead.
  UserWarning)

WARNING  2020-11-28 19:28:19,961 C:\Users\gad\Anaconda3\envs\ved2seq\lib\site-packages\moviepy\video\io\ffmpeg_reader.py:130: UserWarning: Warning: in file data/videos/video5.mp4, 648000 bytes wanted but 0 bytes read,at frame 47/61, at time 23.50/30.04 sec. Using the last valid frame instead.
  UserWarning)

WARNING  2020-11-28 19:28:19,962 C:\Users\gad\Anaconda3\envs\ved2seq\lib\site-packages\moviepy\video\io\ffmpeg_reader.py:130: UserWarning: Warning: in file data/videos/video5.mp4, 648000 bytes wanted but 0 bytes read,at frame 48/61, at time 24.00/30.04 sec. Using the last valid frame instead.
  UserWarning)

WARNING  2020-11-28 19:28:19,963 C:\Users\gad\Anaconda3\envs\ved2seq\lib\site-packages\moviepy\video\io\ffmpeg_reader.py:130: UserWarning: Warning: in file data/videos/video5.mp4, 648000 bytes wanted but 0 bytes read,at frame 49/61, at time 24.50/30.04 sec. Using the last valid frame instead.
  UserWarning)

WARNING  2020-11-28 19:28:19,965 C:\Users\gad\Anaconda3\envs\ved2seq\lib\site-packages\moviepy\video\io\ffmpeg_reader.py:130: UserWarning: Warning: in file data/videos/video5.mp4, 648000 bytes wanted but 0 bytes read,at frame 50/61, at time 25.00/30.04 sec. Using the last valid frame instead.
  UserWarning)

WARNING  2020-11-28 19:28:19,966 C:\Users\gad\Anaconda3\envs\ved2seq\lib\site-packages\moviepy\video\io\ffmpeg_reader.py:130: UserWarning: Warning: in file data/videos/video5.mp4, 648000 bytes wanted but 0 bytes read,at frame 51/61, at time 25.50/30.04 sec. Using the last valid frame instead.
  UserWarning)

WARNING  2020-11-28 19:28:19,968 C:\Users\gad\Anaconda3\envs\ved2seq\lib\site-packages\moviepy\video\io\ffmpeg_reader.py:130: UserWarning: Warning: in file data/videos/video5.mp4, 648000 bytes wanted but 0 bytes read,at frame 52/61, at time 26.00/30.04 sec. Using the last valid frame instead.
  UserWarning)

WARNING  2020-11-28 19:28:19,969 C:\Users\gad\Anaconda3\envs\ved2seq\lib\site-packages\moviepy\video\io\ffmpeg_reader.py:130: UserWarning: Warning: in file data/videos/video5.mp4, 648000 bytes wanted but 0 bytes read,at frame 53/61, at time 26.50/30.04 sec. Using the last valid frame instead.
  UserWarning)

WARNING  2020-11-28 19:28:19,971 C:\Users\gad\Anaconda3\envs\ved2seq\lib\site-packages\moviepy\video\io\ffmpeg_reader.py:130: UserWarning: Warning: in file data/videos/video5.mp4, 648000 bytes wanted but 0 bytes read,at frame 54/61, at time 27.00/30.04 sec. Using the last valid frame instead.
  UserWarning)

WARNING  2020-11-28 19:28:19,972 C:\Users\gad\Anaconda3\envs\ved2seq\lib\site-packages\moviepy\video\io\ffmpeg_reader.py:130: UserWarning: Warning: in file data/videos/video5.mp4, 648000 bytes wanted but 0 bytes read,at frame 55/61, at time 27.50/30.04 sec. Using the last valid frame instead.
  UserWarning)

WARNING  2020-11-28 19:28:20,007 C:\Users\gad\Anaconda3\envs\ved2seq\lib\site-packages\moviepy\video\io\ffmpeg_reader.py:130: UserWarning: Warning: in file data/videos/video5.mp4, 648000 bytes wanted but 0 bytes read,at frame 56/61, at time 28.00/30.04 sec. Using the last valid frame instead.
  UserWarning)

WARNING  2020-11-28 19:28:20,009 C:\Users\gad\Anaconda3\envs\ved2seq\lib\site-packages\moviepy\video\io\ffmpeg_reader.py:130: UserWarning: Warning: in file data/videos/video5.mp4, 648000 bytes wanted but 0 bytes read,at frame 57/61, at time 28.50/30.04 sec. Using the last valid frame instead.
  UserWarning)

WARNING  2020-11-28 19:28:20,011 C:\Users\gad\Anaconda3\envs\ved2seq\lib\site-packages\moviepy\video\io\ffmpeg_reader.py:130: UserWarning: Warning: in file data/videos/video5.mp4, 648000 bytes wanted but 0 bytes read,at frame 58/61, at time 29.00/30.04 sec. Using the last valid frame instead.
  UserWarning)

WARNING  2020-11-28 19:28:20,013 C:\Users\gad\Anaconda3\envs\ved2seq\lib\site-packages\moviepy\video\io\ffmpeg_reader.py:130: UserWarning: Warning: in file data/videos/video5.mp4, 648000 bytes wanted but 0 bytes read,at frame 59/61, at time 29.50/30.04 sec. Using the last valid frame instead.
  UserWarning)

WARNING  2020-11-28 19:28:20,016 C:\Users\gad\Anaconda3\envs\ved2seq\lib\site-packages\moviepy\video\io\ffmpeg_reader.py:130: UserWarning: Warning: in file data/videos/video5.mp4, 648000 bytes wanted but 0 bytes read,at frame 60/61, at time 30.00/30.04 sec. Using the last valid frame instead.
  UserWarning)

INFO     2020-11-28 19:31:21,233 init started
INFO     2020-11-28 19:31:21,415 init finished successfully
WARNING  2020-11-28 19:31:37,760 C:\Users\gad\Anaconda3\envs\ved2seq\lib\site-packages\moviepy\video\io\ffmpeg_reader.py:130: UserWarning: Warning: in file data/videos/video5.mp4, 648000 bytes wanted but 0 bytes read,at frame 60/61, at time 30.00/30.04 sec. Using the last valid frame instead.
  UserWarning)

INFO     2020-11-28 19:34:50,262 init started
INFO     2020-11-28 19:34:50,427 init finished successfully
INFO     2020-11-28 19:35:16,119 init started
INFO     2020-11-28 19:35:16,287 init finished successfully
INFO     2020-11-28 19:35:51,967 init started
INFO     2020-11-28 19:35:52,138 init finished successfully
WARNING  2020-11-28 19:36:18,978 C:\Users\gad\Anaconda3\envs\ved2seq\lib\site-packages\moviepy\video\io\ffmpeg_reader.py:130: UserWarning: Warning: in file data/videos/video5.mp4, 648000 bytes wanted but 0 bytes read,at frame 60/61, at time 30.00/30.04 sec. Using the last valid frame instead.
  UserWarning)

WARNING  2020-11-28 19:36:22,767 C:\Users\gad\Anaconda3\envs\ved2seq\lib\site-packages\moviepy\video\io\ffmpeg_reader.py:130: UserWarning: Warning: in file data/videos/video19.mp4, 518400 bytes wanted but 0 bytes read,at frame 50/51, at time 16.67/16.67 sec. Using the last valid frame instead.
  UserWarning)

INFO     2020-11-28 19:37:15,155 init started
INFO     2020-11-28 19:37:15,396 init finished successfully
INFO     2020-11-28 19:37:30,746 init started
INFO     2020-11-28 19:37:30,909 init finished successfully
INFO     2020-11-28 19:37:55,414 init started
INFO     2020-11-28 19:37:55,583 init finished successfully
WARNING  2020-11-28 19:38:30,970 C:\Users\gad\Anaconda3\envs\ved2seq\lib\site-packages\moviepy\video\io\ffmpeg_reader.py:130: UserWarning: Warning: in file data/videos/video5.mp4, 648000 bytes wanted but 0 bytes read,at frame 60/61, at time 30.00/30.04 sec. Using the last valid frame instead.
  UserWarning)

WARNING  2020-11-28 19:38:34,741 C:\Users\gad\Anaconda3\envs\ved2seq\lib\site-packages\moviepy\video\io\ffmpeg_reader.py:130: UserWarning: Warning: in file data/videos/video19.mp4, 518400 bytes wanted but 0 bytes read,at frame 50/51, at time 16.67/16.67 sec. Using the last valid frame instead.
  UserWarning)

WARNING  2020-11-28 19:43:16,355 C:\Users\gad\Anaconda3\envs\ved2seq\lib\site-packages\moviepy\video\io\ffmpeg_reader.py:130: UserWarning: Warning: in file data/videos/video5.mp4, 648000 bytes wanted but 0 bytes read,at frame 60/61, at time 30.00/30.04 sec. Using the last valid frame instead.
  UserWarning)

WARNING  2020-11-28 19:43:20,709 C:\Users\gad\Anaconda3\envs\ved2seq\lib\site-packages\moviepy\video\io\ffmpeg_reader.py:130: UserWarning: Warning: in file data/videos/video19.mp4, 518400 bytes wanted but 0 bytes read,at frame 50/51, at time 16.67/16.67 sec. Using the last valid frame instead.
  UserWarning)

INFO     2020-11-28 19:46:25,184 init started
INFO     2020-11-28 19:46:25,349 init finished successfully
INFO     2020-11-28 19:46:40,784 init started
INFO     2020-11-28 19:46:40,944 init finished successfully
INFO     2020-11-28 19:47:11,004 init started
INFO     2020-11-28 19:47:11,171 init finished successfully
WARNING  2020-11-28 19:47:56,094 C:\Users\gad\Anaconda3\envs\ved2seq\lib\site-packages\moviepy\video\io\ffmpeg_reader.py:130: UserWarning: Warning: in file data/videos/video5.mp4, 648000 bytes wanted but 0 bytes read,at frame 30/31, at time 30.00/30.04 sec. Using the last valid frame instead.
  UserWarning)

INFO     2020-11-28 19:59:28,530 init started
INFO     2020-11-28 19:59:28,915 init finished successfully
INFO     2020-11-28 20:00:46,871 init started
INFO     2020-11-28 20:02:10,975 init started
INFO     2020-11-28 20:02:11,297 init finished successfully
INFO     2020-11-28 20:02:28,302 init started
INFO     2020-11-28 20:02:28,507 init finished successfully
INFO     2020-11-28 20:02:55,714 init started
INFO     2020-11-28 20:02:55,875 init finished successfully
INFO     2020-11-28 20:03:59,443 init started
INFO     2020-11-28 20:03:59,611 init finished successfully
INFO     2020-11-28 20:04:33,073 init started
INFO     2020-11-28 20:04:33,310 init finished successfully
INFO     2020-11-28 20:04:47,891 init started
INFO     2020-11-28 20:04:48,052 init finished successfully
INFO     2020-11-28 20:05:18,921 init started
INFO     2020-11-28 20:05:19,084 init finished successfully
WARNING  2020-11-28 22:40:57,651 C:\Users\gad\Anaconda3\envs\ved2seq\lib\site-packages\moviepy\video\io\ffmpeg_reader.py:130: UserWarning: Warning: in file data/videos/video5.mp4, 648000 bytes wanted but 0 bytes read,at frame 30/31, at time 30.00/30.04 sec. Using the last valid frame instead.
  UserWarning)

WARNING  2020-11-28 22:41:58,559 C:\Users\gad\Anaconda3\envs\ved2seq\lib\site-packages\moviepy\video\io\ffmpeg_reader.py:130: UserWarning: Warning: in file data/videos/video5.mp4, 648000 bytes wanted but 0 bytes read,at frame 30/31, at time 30.00/30.04 sec. Using the last valid frame instead.
  UserWarning)

WARNING  2020-11-28 22:42:18,009 C:\Users\gad\Anaconda3\envs\ved2seq\lib\site-packages\moviepy\video\io\ffmpeg_reader.py:130: UserWarning: Warning: in file data/videos/video5.mp4, 648000 bytes wanted but 0 bytes read,at frame 30/31, at time 30.00/30.04 sec. Using the last valid frame instead.
  UserWarning)

WARNING  2020-11-28 23:08:42,220 C:\Users\gad\Anaconda3\envs\ved2seq\lib\site-packages\moviepy\video\io\ffmpeg_reader.py:130: UserWarning: Warning: in file data/videos/video5.mp4, 648000 bytes wanted but 0 bytes read,at frame 30/31, at time 30.00/30.04 sec. Using the last valid frame instead.
  UserWarning)

WARNING  2020-11-28 23:09:31,434 C:\Users\gad\Anaconda3\envs\ved2seq\lib\site-packages\moviepy\video\io\ffmpeg_reader.py:130: UserWarning: Warning: in file data/videos/video5.mp4, 648000 bytes wanted but 0 bytes read,at frame 30/31, at time 30.00/30.04 sec. Using the last valid frame instead.
  UserWarning)

WARNING  2020-11-28 23:10:53,983 C:\Users\gad\Anaconda3\envs\ved2seq\lib\site-packages\moviepy\video\io\ffmpeg_reader.py:130: UserWarning: Warning: in file data/videos/video5.mp4, 648000 bytes wanted but 0 bytes read,at frame 30/31, at time 30.00/30.04 sec. Using the last valid frame instead.
  UserWarning)

WARNING  2020-11-28 23:11:45,569 C:\Users\gad\Anaconda3\envs\ved2seq\lib\site-packages\moviepy\video\io\ffmpeg_reader.py:130: UserWarning: Warning: in file data/videos/video5.mp4, 648000 bytes wanted but 0 bytes read,at frame 30/31, at time 30.00/30.04 sec. Using the last valid frame instead.
  UserWarning)

WARNING  2020-11-28 23:12:07,106 C:\Users\gad\Anaconda3\envs\ved2seq\lib\site-packages\moviepy\video\io\ffmpeg_reader.py:130: UserWarning: Warning: in file data/videos/video5.mp4, 648000 bytes wanted but 0 bytes read,at frame 30/31, at time 30.00/30.04 sec. Using the last valid frame instead.
  UserWarning)

